<?xml version="1.0" encoding="UTF-8"?>
<testsuite name="lotto.LottoResultTest" tests="1" skipped="0" failures="0" errors="0" timestamp="2021-05-20T08:32:58" hostname="PC-HMM1100496-1" time="0.008">
  <properties/>
  <testcase name="getLottoResultTest()" classname="lotto.LottoResultTest" time="0.008"/>
  <system-out><![CDATA[]]></system-out>
  <system-err><![CDATA[]]></system-err>
</testsuite>
