<?xml version="1.0" encoding="UTF-8"?>
<testsuite name="lotto.LottoTest" tests="7" skipped="0" failures="0" errors="0" timestamp="2021-05-20T08:32:58" hostname="PC-HMM1100496-1" time="0.053">
  <properties/>
  <testcase name="notContainLottoNumberTest()" classname="lotto.LottoTest" time="0.002"/>
  <testcase name="containLottoNumberTest()" classname="lotto.LottoTest" time="0.001"/>
  <testcase name="notEqualsLottoTest()" classname="lotto.LottoTest" time="0.002"/>
  <testcase name="createLottoTest()" classname="lotto.LottoTest" time="0.024"/>
  <testcase name="getLottoNumbersTest()" classname="lotto.LottoTest" time="0.001"/>
  <testcase name="equalsLottoTest()" classname="lotto.LottoTest" time="0.002"/>
  <testcase name="getLottoPriceTest()" classname="lotto.LottoTest" time="0.01"/>
  <system-out><![CDATA[]]></system-out>
  <system-err><![CDATA[]]></system-err>
</testsuite>
