<?xml version="1.0" encoding="UTF-8"?>
<testsuite name="lotto.LottoNumberTest" tests="3" skipped="0" failures="0" errors="0" timestamp="2021-05-20T08:32:58" hostname="PC-HMM1100496-1" time="0.017">
  <properties/>
  <testcase name="notEqualsNumberTest()" classname="lotto.LottoNumberTest" time="0.003"/>
  <testcase name="equalsNumberTest()" classname="lotto.LottoNumberTest" time="0.001"/>
  <testcase name="createNumberTest()" classname="lotto.LottoNumberTest" time="0.01"/>
  <system-out><![CDATA[]]></system-out>
  <system-err><![CDATA[]]></system-err>
</testsuite>
