<?xml version="1.0" encoding="UTF-8"?>
<testsuite name="lotto.LottoGeneratorTest" tests="1" skipped="0" failures="0" errors="0" timestamp="2021-05-20T08:41:10" hostname="PC-HMM1100496-1" time="0.2">
  <properties/>
  <testcase name="generateLottoTest()" classname="lotto.LottoGeneratorTest" time="0.2"/>
  <system-out><![CDATA[]]></system-out>
  <system-err><![CDATA[]]></system-err>
</testsuite>
